<?xml version="1.0" encoding="UTF-8"?>
<!-- Generated by org.testng.reporters.JUnitReportReporter -->
<testsuite hostname="DESKTOP-V8L1JQM" failures="0" tests="1" name="com.lab.selenium.FirstTest" time="10.023" errors="0" timestamp="2022-06-11T08:43:30 EEST" skipped="0">
  <testcase classname="com.lab.selenium.FirstTest" name="test" time="10.023"/>
  <system-out/>
</testsuite> <!-- com.lab.selenium.FirstTest -->
