<?xml version="1.0" encoding="UTF-8"?>
<!-- Generated by org.testng.reporters.JUnitReportReporter -->
<testsuite hostname="DESKTOP-V8L1JQM" failures="0" tests="3" name="com.lab.selenium.FirstTest" time="17.288" errors="0" timestamp="2022-06-13T15:53:16 EEST" skipped="0">
  <testcase classname="com.lab.selenium.FirstTest" name="test" time="7.890"/>
  <system-out/>
  <testcase classname="com.lab.selenium.FirstTest" name="checkThatUrlContainsKeyword" time="5.706"/>
  <system-out/>
  <testcase classname="com.lab.selenium.FirstTest" name="checkThatUrlNotContainsKeyword" time="3.692"/>
  <system-out/>
</testsuite> <!-- com.lab.selenium.FirstTest -->
